2022-12-05 20:01:57,379:INFO:PyCaret Supervised Module
2022-12-05 20:01:57,380:INFO:ML Usecase: classification
2022-12-05 20:01:57,380:INFO:version 2.3.10
2022-12-05 20:01:57,380:INFO:Initializing setup()
2022-12-05 20:01:57,380:INFO:setup(target=y_yes, ml_usecase=classification, available_plots={'parameter': 'Hyperparameters', 'auc': 'AUC', 'confusion_matrix': 'Confusion Matrix', 'threshold': 'Threshold', 'pr': 'Precision Recall', 'error': 'Prediction Error', 'class_report': 'Class Report', 'rfe': 'Feature Selection', 'learning': 'Learning Curve', 'manifold': 'Manifold Learning', 'calibration': 'Calibration Curve', 'vc': 'Validation Curve', 'dimension': 'Dimensions', 'feature': 'Feature Importance', 'feature_all': 'Feature Importance (All)', 'boundary': 'Decision Boundary', 'lift': 'Lift Chart', 'gain': 'Gain Chart', 'tree': 'Decision Tree', 'ks': 'KS Statistic Plot'}, train_size=0.7, test_data=            age  campaign  previous  emp.var.rate  cons.price.idx  \
36162 -0.482299 -0.205138 -0.349282     -1.199094       -1.180229   
18615 -0.578304 -0.566046 -0.349282      0.838769        0.591350   
38544  1.437799 -0.566046  3.700104     -2.218025       -1.978736   
20020  1.821818  1.238494 -0.349282      0.838769       -0.227897   
17880  1.437799  0.155770 -0.349282      0.838769        0.591350   
...         ...       ...       ...           ...             ...   
27752 -0.578304  0.155770 -0.349282     -1.199094       -1.266648   
5323   0.861769  0.155770 -0.349282      0.647719        0.722707   
23391  0.669760  4.486667 -0.349282      0.838769       -0.227897   
27224 -0.386294 -0.566046 -0.349282     -0.116479       -0.649619   
17304  0.381745  0.155770 -0.349282      0.838769        0.591350   

       cons.conf.idx  euribor3m  nr.employed  education  job_admin.  \
36162      -1.230958  -1.356705    -0.941559  -0.664079           0   
18615      -0.474319   0.776090     0.844853   0.012211           0   
38544       2.941369  -1.672760    -2.071568  -2.016658           0   
20020       0.952488   0.774359     0.844853  -2.016658           0   
17880      -0.474319   0.772052     0.844853   1.364790           0   
...              ...        ...          ...        ...         ...   
27752      -2.052453  -1.093710    -0.941559   1.364790           0   
5323        0.887633   0.712071     0.331086   0.688500           1   
23391       0.952488   0.773783     0.844853   1.364790           0   
27224      -0.322991   0.229914     0.397558  -0.664079           0   
17304      -0.474319   0.772629     0.844853  -0.664079           0   

       job_blue-collar  job_entrepreneur  job_housemaid  job_management  \
36162                1                 0              0               0   
18615                0                 0              0               0   
38544                0                 0              0               0   
20020                0                 0              0               0   
17880                0                 0              0               0   
...                ...               ...            ...             ...   
27752                0                 0              0               0   
5323                 0                 0              0               0   
23391                0                 0              0               0   
27224                1                 0              0               0   
17304                1                 0              0               0   

       job_retired  job_self-employed  job_services  job_student  \
36162            0                  0             0            0   
18615            0                  0             1            0   
38544            1                  0             0            0   
20020            1                  0             0            0   
17880            1                  0             0            0   
...            ...                ...           ...          ...   
27752            0                  0             0            0   
5323             0                  0             0            0   
23391            0                  0             0            0   
27224            0                  0             0            0   
17304            0                  0             0            0   

       job_technician  job_unemployed  marital_divorced  marital_married  \
36162               0               0                 0                0   
18615               0               0                 0                1   
38544               0               0                 0                1   
20020               0               0                 0                1   
17880               0               0                 0                1   
...               ...             ...               ...              ...   
27752               1               0                 0                0   
5323                0               0                 0                0   
23391               1               0                 0                1   
27224               0               0                 0                0   
17304               0               0                 0                1   

       marital_single  housing_no  housing_yes  loan_no  loan_yes  \
36162               1           0            1        1         0   
18615               0           0            1        1         0   
38544               0           1            0        1         0   
20020               0           0            1        1         0   
17880               0           0            1        1         0   
...               ...         ...          ...      ...       ...   
27752               1           0            1        0         1   
5323                1           1            0        1         0   
23391               0           1            0        1         0   
27224               1           0            1        0         1   
17304               0           1            0        1         0   

       contact_cellular  contact_telephone  month_apr  month_aug  month_dec  \
36162                 1                  0          0          0          0   
18615                 1                  0          0          0          0   
38544                 1                  0          0          0          0   
20020                 1                  0          0          1          0   
17880                 1                  0          0          0          0   
...                 ...                ...        ...        ...        ...   
27752                 1                  0          0          0          0   
5323                  0                  1          0          0          0   
23391                 1                  0          0          1          0   
27224                 1                  0          0          0          0   
17304                 1                  0          0          0          0   

       month_jul  month_jun  month_mar  month_may  month_nov  month_oct  \
36162          0          0          0          1          0          0   
18615          1          0          0          0          0          0   
38544          0          0          0          0          0          1   
20020          0          0          0          0          0          0   
17880          1          0          0          0          0          0   
...          ...        ...        ...        ...        ...        ...   
27752          0          0          1          0          0          0   
5323           0          0          0          1          0          0   
23391          0          0          0          0          0          0   
27224          0          0          0          0          1          0   
17304          1          0          0          0          0          0   

       month_sep  day_of_week_fri  day_of_week_mon  day_of_week_thu  \
36162          0                0                0                0   
18615          0                0                0                1   
38544          0                0                0                1   
20020          0                0                1                0   
17880          0                0                0                0   
...          ...              ...              ...              ...   
27752          0                1                0                0   
5323           0                1                0                0   
23391          0                0                0                0   
27224          0                1                0                0   
17304          0                1                0                0   

       day_of_week_tue  day_of_week_wed  poutcome_failure  \
36162                0                1                 0   
18615                0                0                 0   
38544                0                0                 1   
20020                0                0                 0   
17880                1                0                 0   
...                ...              ...               ...   
27752                0                0                 0   
5323                 0                0                 0   
23391                0                1                 0   
27224                0                0                 0   
17304                0                0                 0   

       poutcome_nonexistent  poutcome_success  y_yes  
36162                     1                 0      0  
18615                     1                 0      0  
38544                     0                 0      0  
20020                     1                 0      0  
17880                     1                 0      0  
...                     ...               ...    ...  
27752                     1                 0      1  
5323                      1                 0      0  
23391                     1                 0      0  
27224                     1                 0      0  
17304                     1                 0      0  

[4116 rows x 48 columns], preprocess=False, imputation_type=simple, iterative_imputation_iters=5, categorical_features=None, categorical_imputation=constant, categorical_iterative_imputer=lightgbm, ordinal_features=None, high_cardinality_features=None, high_cardinality_method=frequency, numeric_features=['age', 'campaign', 'previous', 'emp.var.rate', 'cons.price.idx', 'cons.conf.idx', 'euribor3m', 'nr.employed', 'education', 'job_admin.', 'job_blue-collar', 'job_entrepreneur', 'job_housemaid', 'job_management', 'job_retired', 'job_self-employed', 'job_services', 'job_student', 'job_technician', 'job_unemployed', 'marital_divorced', 'marital_married', 'marital_single', 'housing_no', 'housing_yes', 'loan_no', 'loan_yes', 'contact_cellular', 'contact_telephone', 'month_apr', 'month_aug', 'month_dec', 'month_jul', 'month_jun', 'month_mar', 'month_may', 'month_nov', 'month_oct', 'month_sep', 'day_of_week_fri', 'day_of_week_mon', 'day_of_week_thu', 'day_of_week_tue', 'day_of_week_wed', 'poutcome_failure', 'poutcome_nonexistent', 'poutcome_success'], numeric_imputation=mean, numeric_iterative_imputer=lightgbm, date_features=None, ignore_features=None, normalize=False, normalize_method=zscore, transformation=False, transformation_method=yeo-johnson, handle_unknown_categorical=True, unknown_categorical_method=least_frequent, pca=False, pca_method=linear, pca_components=None, ignore_low_variance=False, combine_rare_levels=False, rare_level_threshold=0.1, bin_numeric_features=None, remove_outliers=False, outliers_threshold=0.05, remove_multicollinearity=False, multicollinearity_threshold=0.9, remove_perfect_collinearity=True, create_clusters=False, cluster_iter=20, polynomial_features=False, polynomial_degree=2, trigonometry_features=False, polynomial_threshold=0.1, group_features=None, group_names=None, feature_selection=False, feature_selection_threshold=0.8, feature_selection_method=classic, feature_interaction=False, feature_ratio=False, interaction_threshold=0.01, fix_imbalance=False, fix_imbalance_method=None, transform_target=False, transform_target_method=box-cox, data_split_shuffle=True, data_split_stratify=False, fold_strategy=stratifiedkfold, fold=10, fold_shuffle=False, fold_groups=None, n_jobs=-1, use_gpu=False, custom_pipeline=None, html=True, session_id=112233, log_experiment=False, experiment_name=None, experiment_custom_tags=None, log_plots=False, log_profile=False, log_data=False, silent=False, verbose=True, profile=False, profile_kwargs=None, display=None)
2022-12-05 20:01:57,381:INFO:Checking environment
2022-12-05 20:01:57,381:INFO:python_version: 3.8.13
2022-12-05 20:01:57,381:INFO:python_build: ('default', 'Mar 28 2022 06:59:08')
2022-12-05 20:01:57,381:INFO:machine: AMD64
2022-12-05 20:01:57,381:INFO:platform: Windows-10-10.0.22621-SP0
2022-12-05 20:01:57,381:INFO:Memory: svmem(total=12710350848, available=2598907904, percent=79.6, used=10111442944, free=2598907904)
2022-12-05 20:01:57,381:INFO:Physical Core: 4
2022-12-05 20:01:57,381:INFO:Logical Core: 8
2022-12-05 20:01:57,381:INFO:Checking libraries
2022-12-05 20:01:57,381:INFO:pd==1.4.3
2022-12-05 20:01:57,382:INFO:numpy==1.19.5
2022-12-05 20:01:57,382:INFO:sklearn==0.23.2
2022-12-05 20:01:57,382:INFO:lightgbm==3.3.1
2022-12-05 20:01:58,198:INFO:catboost==1.0.6
2022-12-05 20:01:58,198:INFO:xgboost==1.4.2
2022-12-05 20:01:58,198:INFO:mlflow==1.22.0
2022-12-05 20:01:58,198:INFO:Checking Exceptions
2022-12-05 20:01:58,198:INFO:Declaring global variables
2022-12-05 20:01:58,198:INFO:USI: bb3b
2022-12-05 20:01:58,198:INFO:pycaret_globals: {'y_test', 'html_param', 'X', 'master_model_container', 'transform_target_param', 'imputation_regressor', 'fix_imbalance_param', 'transform_target_method_param', 'y_train', 'USI', 'fold_param', 'display_container', 'create_model_container', 'iterative_imputation_iters_param', 'y', 'fold_groups_param_full', 'exp_name_log', 'fold_shuffle_param', '_all_models_internal', '_available_plots', '_internal_pipeline', '_all_metrics', 'prep_pipe', 'target_param', 'pycaret_globals', 'fix_imbalance_method_param', 'gpu_param', 'stratify_param', '_ml_usecase', 'experiment__', 'data_before_preprocess', 'n_jobs_param', '_all_models', 'fold_groups_param', 'logging_param', 'seed', 'X_test', 'imputation_classifier', 'dashboard_logger', 'X_train', 'fold_generator', 'log_plots_param', '_gpu_n_jobs_param'}
2022-12-05 20:01:58,199:INFO:Preparing display monitor
2022-12-05 20:01:58,199:INFO:Preparing display monitor
2022-12-05 20:01:58,215:INFO:Importing libraries
2022-12-05 20:01:58,215:INFO:Copying data for preprocessing
2022-12-05 20:01:58,229:INFO:Declaring preprocessing parameters
2022-12-05 20:01:58,233:INFO:Creating preprocessing pipeline
2022-12-05 20:01:58,238:INFO:Preprocessing pipeline created successfully
2022-12-05 20:01:58,239:ERROR:(Process Exit): setup has been interupted with user command 'quit'. setup must rerun.
2022-12-05 20:01:58,239:INFO:Creating global containers
2022-12-05 20:01:58,241:INFO:Internal pipeline: Pipeline(memory=None, steps=[('empty_step', 'passthrough')], verbose=False)
2022-12-05 20:02:01,160:INFO:Creating grid variables
2022-12-05 20:02:01,173:INFO:create_model_container: 0
2022-12-05 20:02:01,174:INFO:master_model_container: 0
2022-12-05 20:02:01,174:INFO:display_container: 1
2022-12-05 20:02:01,175:INFO:Pipeline(memory=None,
         steps=[('dtypes',
                 DataTypes_Auto_infer(categorical_features=[],
                                      display_types=True, features_todrop=[],
                                      id_columns=[],
                                      ml_usecase='classification',
                                      numerical_features=['age', 'campaign',
                                                          'previous',
                                                          'emp.var.rate',
                                                          'cons.price.idx',
                                                          'cons.conf.idx',
                                                          'euribor3m',
                                                          'nr.employed',
                                                          'education',
                                                          'job_admin.',
                                                          'job_blue-collar',
                                                          'job_entrepreneur',
                                                          'job_housemaid',
                                                          'job_management',
                                                          'job_retired',
                                                          'job_self-employed',
                                                          'job_services',
                                                          'job_student',
                                                          'job_technician',
                                                          'job_unemployed',
                                                          'marital_divorced',
                                                          'marital_married',
                                                          'marital_single',
                                                          'housing_no',
                                                          'housing_yes',
                                                          'loan_no', 'loan_yes',
                                                          'contact_cellular',
                                                          'contact_telephone',
                                                          'month_apr', ...],
                                      target='y_yes', time_features=[]))],
         verbose=False)
2022-12-05 20:02:01,176:INFO:setup() succesfully completed......................................
